<?xml version="1.0" encoding="UTF-8"?>
<testsuite name="Connect4Test" tests="1" skipped="0" failures="0" errors="0" timestamp="2021-10-25T18:24:10" hostname="DESKTOP-02MLGRN" time="1.616">
  <properties/>
  <testcase name="start" classname="Connect4Test" time="1.616"/>
  <system-out><![CDATA[?[1;31m
Start test 1?[0m
?[1;31m
Start test 2?[0m
?[1;31m
Start test 3?[0m
]]></system-out>
  <system-err><![CDATA[]]></system-err>
</testsuite>
